Using pre-set license
Built from '2020.3/release' branch; Version is '2020.3.1f1 (77a89f25062f) revision 7841951'; Using compiler version '192528614'; Build Type 'Release'
OS: 'Windows 10 Home; OS build 18363.1316; Version 1909; 64bit' Language: 'es' Physical Memory: 8066 MB
BatchMode: 1, IsHumanControllingUs: 0, StartBugReporterOnCrash: 0, Is64bit: 1, IsPro: 0

 COMMAND LINE ARGUMENTS:
D:\Programas\Unity\Editores\2020.3.1f1\Editor\Unity.exe
-adb2
-batchMode
-noUpm
-name
AssetImportWorker0
-projectPath
D:/Programas/Unity/Proyectos/Pathfinding-with-AStar
-logFile
Logs/AssetImportWorker0.log
-srvPort
50336
Successfully changed project path to: D:/Programas/Unity/Proyectos/Pathfinding-with-AStar
D:/Programas/Unity/Proyectos/Pathfinding-with-AStar
Using Asset Import Pipeline V2.
Refreshing native plugins compatible for Editor in 121.66 ms, found 1 plugins.
Preloading 0 native plugins for Editor in 0.00 ms.
Initialize engine version: 2020.3.1f1 (77a89f25062f)
[Subsystems] Discovering subsystems at path D:/Programas/Unity/Editores/2020.3.1f1/Editor/Data/Resources/UnitySubsystems
[Subsystems] Discovering subsystems at path D:/Programas/Unity/Proyectos/Pathfinding-with-AStar/Assets
GfxDevice: creating device client; threaded=0
Direct3D:
    Version:  Direct3D 11.0 [level 11.1]
    Renderer: NVIDIA GeForce GTX 1050 (ID=0x1c8d)
    Vendor:   
    VRAM:     4021 MB
    Driver:   27.21.14.6192
Initialize mono
Mono path[0] = 'D:/Programas/Unity/Editores/2020.3.1f1/Editor/Data/Managed'
Mono path[1] = 'D:/Programas/Unity/Editores/2020.3.1f1/Editor/Data/MonoBleedingEdge/lib/mono/unityjit'
Mono config path = 'D:/Programas/Unity/Editores/2020.3.1f1/Editor/Data/MonoBleedingEdge/etc'
Using monoOptions --debugger-agent=transport=dt_socket,embedding=1,server=y,suspend=n,address=127.0.0.1:56184
Begin MonoManager ReloadAssembly
Registering precompiled unity dll's ...
Register platform support module: D:/Programas/Unity/Editores/2020.3.1f1/Editor/Data/PlaybackEngines/WindowsStandaloneSupport/UnityEditor.WindowsStandalone.Extensions.dll
Registered in 0.001007 seconds.
Native extension for WindowsStandalone target not found
Refreshing native plugins compatible for Editor in 32.49 ms, found 1 plugins.
Preloading 0 native plugins for Editor in 0.00 ms.
Invoked RoslynAnalysisRunner static constructor.
RoslynAnalysisRunner will not be running.
RoslynAnalysisRunner has terminated.
Mono: successfully reloaded assembly
- Completed reload, in  0.982 seconds
Platform modules already initialized, skipping
Registering precompiled user dll's ...
Registered in 0.000785 seconds.
Begin MonoManager ReloadAssembly
Native extension for WindowsStandalone target not found
Refreshing native plugins compatible for Editor in 33.37 ms, found 1 plugins.
Preloading 0 native plugins for Editor in 0.00 ms.
Invoked RoslynAnalysisRunner static constructor.
RoslynAnalysisRunner will not be running.
RoslynAnalysisRunner has terminated.
Mono: successfully reloaded assembly
- Completed reload, in  0.839 seconds
Platform modules already initialized, skipping
========================================================================
Worker process is ready to serve import requests
Launched and connected shader compiler UnityShaderCompiler.exe after 4.63 seconds
Refreshing native plugins compatible for Editor in 0.34 ms, found 1 plugins.
Preloading 0 native plugins for Editor in 0.00 ms.
Unloading 1823 Unused Serialized files (Serialized files now loaded: 0)
System memory in use before: 84.9 MB.
System memory in use after: 85.0 MB.

Unloading 19 unused Assets to reduce memory usage. Loaded Objects now: 2271.
Total: 2.034200 ms (FindLiveObjects: 0.215800 ms CreateObjectMapping: 0.074700 ms MarkObjects: 1.679100 ms  DeleteObjects: 0.064000 ms)

========================================================================
Received Prepare
Registering precompiled user dll's ...
Registered in 0.001100 seconds.
Begin MonoManager ReloadAssembly
Native extension for WindowsStandalone target not found
Refreshing native plugins compatible for Editor in 0.33 ms, found 1 plugins.
Preloading 0 native plugins for Editor in 0.00 ms.
Invoked RoslynAnalysisRunner static constructor.
RoslynAnalysisRunner will not be running.
RoslynAnalysisRunner has terminated.
Mono: successfully reloaded assembly
- Completed reload, in  0.803 seconds
Platform modules already initialized, skipping
Refreshing native plugins compatible for Editor in 0.36 ms, found 1 plugins.
Preloading 0 native plugins for Editor in 0.00 ms.
Unloading 1812 Unused Serialized files (Serialized files now loaded: 0)
System memory in use before: 84.6 MB.
System memory in use after: 84.7 MB.

Unloading 8 unused Assets to reduce memory usage. Loaded Objects now: 2274.
Total: 1.739700 ms (FindLiveObjects: 0.173200 ms CreateObjectMapping: 0.073400 ms MarkObjects: 1.477300 ms  DeleteObjects: 0.014800 ms)

========================================================================
Received Prepare
Registering precompiled user dll's ...
Registered in 0.000867 seconds.
Begin MonoManager ReloadAssembly
Native extension for WindowsStandalone target not found
Refreshing native plugins compatible for Editor in 0.33 ms, found 1 plugins.
Preloading 0 native plugins for Editor in 0.00 ms.
Invoked RoslynAnalysisRunner static constructor.
RoslynAnalysisRunner will not be running.
RoslynAnalysisRunner has terminated.
Mono: successfully reloaded assembly
- Completed reload, in  0.747 seconds
Platform modules already initialized, skipping
Refreshing native plugins compatible for Editor in 0.32 ms, found 1 plugins.
Preloading 0 native plugins for Editor in 0.00 ms.
Unloading 1812 Unused Serialized files (Serialized files now loaded: 0)
System memory in use before: 84.6 MB.
System memory in use after: 84.7 MB.

Unloading 8 unused Assets to reduce memory usage. Loaded Objects now: 2277.
Total: 1.908900 ms (FindLiveObjects: 0.237200 ms CreateObjectMapping: 0.106700 ms MarkObjects: 1.547300 ms  DeleteObjects: 0.016100 ms)

========================================================================
Received Prepare
Registering precompiled user dll's ...
Registered in 0.001208 seconds.
Begin MonoManager ReloadAssembly
Native extension for WindowsStandalone target not found
Refreshing native plugins compatible for Editor in 0.48 ms, found 1 plugins.
Preloading 0 native plugins for Editor in 0.00 ms.
Invoked RoslynAnalysisRunner static constructor.
RoslynAnalysisRunner will not be running.
RoslynAnalysisRunner has terminated.
Mono: successfully reloaded assembly
- Completed reload, in  1.300 seconds
Platform modules already initialized, skipping
Refreshing native plugins compatible for Editor in 0.63 ms, found 1 plugins.
Preloading 0 native plugins for Editor in 0.00 ms.
Unloading 1812 Unused Serialized files (Serialized files now loaded: 0)
System memory in use before: 84.6 MB.
System memory in use after: 84.7 MB.

Unloading 8 unused Assets to reduce memory usage. Loaded Objects now: 2280.
Total: 2.830100 ms (FindLiveObjects: 0.322100 ms CreateObjectMapping: 0.143700 ms MarkObjects: 2.336400 ms  DeleteObjects: 0.025600 ms)

========================================================================
Received Prepare
Registering precompiled user dll's ...
Registered in 0.000838 seconds.
Begin MonoManager ReloadAssembly
Native extension for WindowsStandalone target not found
Refreshing native plugins compatible for Editor in 0.37 ms, found 1 plugins.
Preloading 0 native plugins for Editor in 0.00 ms.
Invoked RoslynAnalysisRunner static constructor.
RoslynAnalysisRunner will not be running.
RoslynAnalysisRunner has terminated.
Mono: successfully reloaded assembly
- Completed reload, in  0.743 seconds
Platform modules already initialized, skipping
Refreshing native plugins compatible for Editor in 0.33 ms, found 1 plugins.
Preloading 0 native plugins for Editor in 0.00 ms.
Unloading 1812 Unused Serialized files (Serialized files now loaded: 0)
System memory in use before: 84.6 MB.
System memory in use after: 84.7 MB.

Unloading 8 unused Assets to reduce memory usage. Loaded Objects now: 2283.
Total: 2.045300 ms (FindLiveObjects: 0.310300 ms CreateObjectMapping: 0.100000 ms MarkObjects: 1.598900 ms  DeleteObjects: 0.035300 ms)

========================================================================
Received Prepare
Registering precompiled user dll's ...
Registered in 0.000814 seconds.
Begin MonoManager ReloadAssembly
Native extension for WindowsStandalone target not found
Refreshing native plugins compatible for Editor in 0.38 ms, found 1 plugins.
Preloading 0 native plugins for Editor in 0.00 ms.
Invoked RoslynAnalysisRunner static constructor.
RoslynAnalysisRunner will not be running.
RoslynAnalysisRunner has terminated.
Mono: successfully reloaded assembly
- Completed reload, in  0.756 seconds
Platform modules already initialized, skipping
Refreshing native plugins compatible for Editor in 0.34 ms, found 1 plugins.
Preloading 0 native plugins for Editor in 0.00 ms.
Unloading 1812 Unused Serialized files (Serialized files now loaded: 0)
System memory in use before: 84.6 MB.
System memory in use after: 84.8 MB.

Unloading 8 unused Assets to reduce memory usage. Loaded Objects now: 2286.
Total: 2.423300 ms (FindLiveObjects: 0.270200 ms CreateObjectMapping: 0.131000 ms MarkObjects: 1.970500 ms  DeleteObjects: 0.050400 ms)

========================================================================
Received Prepare
Registering precompiled user dll's ...
Registered in 0.000853 seconds.
Begin MonoManager ReloadAssembly
Native extension for WindowsStandalone target not found
Refreshing native plugins compatible for Editor in 0.33 ms, found 1 plugins.
Preloading 0 native plugins for Editor in 0.00 ms.
Invoked RoslynAnalysisRunner static constructor.
RoslynAnalysisRunner will not be running.
RoslynAnalysisRunner has terminated.
Mono: successfully reloaded assembly
- Completed reload, in  0.750 seconds
Platform modules already initialized, skipping
Refreshing native plugins compatible for Editor in 0.32 ms, found 1 plugins.
Preloading 0 native plugins for Editor in 0.00 ms.
Unloading 1812 Unused Serialized files (Serialized files now loaded: 0)
System memory in use before: 84.7 MB.
System memory in use after: 84.8 MB.

Unloading 8 unused Assets to reduce memory usage. Loaded Objects now: 2289.
Total: 1.975800 ms (FindLiveObjects: 0.160600 ms CreateObjectMapping: 0.050300 ms MarkObjects: 1.749500 ms  DeleteObjects: 0.014600 ms)

========================================================================
Received Prepare
Registering precompiled user dll's ...
Registered in 0.000917 seconds.
Begin MonoManager ReloadAssembly
Native extension for WindowsStandalone target not found
Refreshing native plugins compatible for Editor in 0.33 ms, found 1 plugins.
Preloading 0 native plugins for Editor in 0.00 ms.
Invoked RoslynAnalysisRunner static constructor.
RoslynAnalysisRunner will not be running.
RoslynAnalysisRunner has terminated.
Mono: successfully reloaded assembly
- Completed reload, in  0.742 seconds
Platform modules already initialized, skipping
Refreshing native plugins compatible for Editor in 0.34 ms, found 1 plugins.
Preloading 0 native plugins for Editor in 0.00 ms.
Unloading 1812 Unused Serialized files (Serialized files now loaded: 0)
System memory in use before: 84.7 MB.
System memory in use after: 84.8 MB.

Unloading 8 unused Assets to reduce memory usage. Loaded Objects now: 2292.
Total: 1.943700 ms (FindLiveObjects: 0.294700 ms CreateObjectMapping: 0.118600 ms MarkObjects: 1.514800 ms  DeleteObjects: 0.013600 ms)

========================================================================
Received Prepare
Registering precompiled user dll's ...
Registered in 0.001066 seconds.
Begin MonoManager ReloadAssembly
Native extension for WindowsStandalone target not found
Refreshing native plugins compatible for Editor in 0.39 ms, found 1 plugins.
Preloading 0 native plugins for Editor in 0.00 ms.
Invoked RoslynAnalysisRunner static constructor.
RoslynAnalysisRunner will not be running.
RoslynAnalysisRunner has terminated.
Mono: successfully reloaded assembly
- Completed reload, in  0.950 seconds
Platform modules already initialized, skipping
Refreshing native plugins compatible for Editor in 0.38 ms, found 1 plugins.
Preloading 0 native plugins for Editor in 0.00 ms.
Unloading 1812 Unused Serialized files (Serialized files now loaded: 0)
System memory in use before: 84.7 MB.
System memory in use after: 84.8 MB.

Unloading 8 unused Assets to reduce memory usage. Loaded Objects now: 2295.
Total: 2.751600 ms (FindLiveObjects: 0.335800 ms CreateObjectMapping: 0.098700 ms MarkObjects: 2.296200 ms  DeleteObjects: 0.020000 ms)

========================================================================
Received Prepare
Registering precompiled user dll's ...
Registered in 0.000880 seconds.
Begin MonoManager ReloadAssembly
Native extension for WindowsStandalone target not found
Refreshing native plugins compatible for Editor in 0.33 ms, found 1 plugins.
Preloading 0 native plugins for Editor in 0.00 ms.
Invoked RoslynAnalysisRunner static constructor.
RoslynAnalysisRunner will not be running.
RoslynAnalysisRunner has terminated.
Mono: successfully reloaded assembly
- Completed reload, in  0.749 seconds
Platform modules already initialized, skipping
Refreshing native plugins compatible for Editor in 0.32 ms, found 1 plugins.
Preloading 0 native plugins for Editor in 0.00 ms.
Unloading 1812 Unused Serialized files (Serialized files now loaded: 0)
System memory in use before: 84.7 MB.
System memory in use after: 84.8 MB.

Unloading 8 unused Assets to reduce memory usage. Loaded Objects now: 2298.
Total: 2.028000 ms (FindLiveObjects: 0.340900 ms CreateObjectMapping: 0.096000 ms MarkObjects: 1.577100 ms  DeleteObjects: 0.013100 ms)

========================================================================
Received Import Request.
  path: Assets/Resources/ScriptableObjects
  artifactKey: Guid(c9f73bfc87fda9549b2821e10f5af7d9) Importer(815301076,1909f56bfc062723c751e8b465ee728b)
Start importing Assets/Resources/ScriptableObjects using Guid(c9f73bfc87fda9549b2821e10f5af7d9) Importer(815301076,1909f56bfc062723c751e8b465ee728b)  -> (artifact id: 'c8602a6db39ea06c5af6f8edc288298b') in 0.108951 seconds
  Import took 0.111835 seconds .

========================================================================
Received Import Request.
  Time since last request: 1.773972 seconds.
  path: Assets/Resources/ScriptableObjects/GroundTypes
  artifactKey: Guid(29fea5bc16cee034dacd26702e37b2f7) Importer(815301076,1909f56bfc062723c751e8b465ee728b)
Start importing Assets/Resources/ScriptableObjects/GroundTypes using Guid(29fea5bc16cee034dacd26702e37b2f7) Importer(815301076,1909f56bfc062723c751e8b465ee728b)  -> (artifact id: '2be88ff9225126c96a911549358d64a2') in 0.008402 seconds
  Import took 0.011667 seconds .

========================================================================
Received Import Request.
  Time since last request: 0.047833 seconds.
  path: Assets/Resources/ScriptableObjects/GroundTypes/0_Empty.asset
  artifactKey: Guid(a6a71920912a79641b9442893326c75a) Importer(815301076,1909f56bfc062723c751e8b465ee728b)
Start importing Assets/Resources/ScriptableObjects/GroundTypes/0_Empty.asset using Guid(a6a71920912a79641b9442893326c75a) Importer(815301076,1909f56bfc062723c751e8b465ee728b)  -> (artifact id: 'f9eb211ab7c77d2dc5e4d6691ec8df8f') in 0.052700 seconds
  Import took 0.055641 seconds .

========================================================================
Received Import Request.
  Time since last request: 0.000298 seconds.
  path: Assets/Resources/ScriptableObjects/GroundTypes/6_Grass.asset
  artifactKey: Guid(ea7aafbcbca29484c9fff4f79bd565e7) Importer(815301076,1909f56bfc062723c751e8b465ee728b)
Start importing Assets/Resources/ScriptableObjects/GroundTypes/6_Grass.asset using Guid(ea7aafbcbca29484c9fff4f79bd565e7) Importer(815301076,1909f56bfc062723c751e8b465ee728b)  -> (artifact id: 'aee9feba0f6ea296fadfc814be3a03ac') in 0.013040 seconds
  Import took 0.016112 seconds .

========================================================================
Received Import Request.
  Time since last request: 0.000242 seconds.
  path: Assets/Resources/ScriptableObjects/GroundTypes/4_Gravel.asset
  artifactKey: Guid(8ef1bec89edda2f4788aa4ffbd0fd8d1) Importer(815301076,1909f56bfc062723c751e8b465ee728b)
Start importing Assets/Resources/ScriptableObjects/GroundTypes/4_Gravel.asset using Guid(8ef1bec89edda2f4788aa4ffbd0fd8d1) Importer(815301076,1909f56bfc062723c751e8b465ee728b)  -> (artifact id: '3b4e534d2971cb5d8af55d4b19dfd0d0') in 0.008679 seconds
  Import took 0.012339 seconds .

========================================================================
Received Import Request.
  Time since last request: 0.000228 seconds.
  path: Assets/Resources/ScriptableObjects/GroundTypes/3_Sand.asset
  artifactKey: Guid(d618dd5fb9c86484ea8f93a88029fd1c) Importer(815301076,1909f56bfc062723c751e8b465ee728b)
Start importing Assets/Resources/ScriptableObjects/GroundTypes/3_Sand.asset using Guid(d618dd5fb9c86484ea8f93a88029fd1c) Importer(815301076,1909f56bfc062723c751e8b465ee728b)  -> (artifact id: '946e81836ba8c7f56b062abac36ba41e') in 0.009881 seconds
  Import took 0.033744 seconds .

========================================================================
Received Import Request.
  Time since last request: 0.000303 seconds.
  path: Assets/Resources/ScriptableObjects/GroundTypes/5_Dirt.asset
  artifactKey: Guid(7317988d794b64a449661d38bfc8f8c9) Importer(815301076,1909f56bfc062723c751e8b465ee728b)
Start importing Assets/Resources/ScriptableObjects/GroundTypes/5_Dirt.asset using Guid(7317988d794b64a449661d38bfc8f8c9) Importer(815301076,1909f56bfc062723c751e8b465ee728b)  -> (artifact id: '9488db20dd5a9f62fa6163563d7b3859') in 0.009169 seconds
  Import took 0.012301 seconds .

========================================================================
Received Import Request.
  Time since last request: 0.000288 seconds.
  path: Assets/Resources/ScriptableObjects/GroundTypes/7_Stone.asset
  artifactKey: Guid(e40a99f4d3f0fdc479bf7de55ebd7fa6) Importer(815301076,1909f56bfc062723c751e8b465ee728b)
Start importing Assets/Resources/ScriptableObjects/GroundTypes/7_Stone.asset using Guid(e40a99f4d3f0fdc479bf7de55ebd7fa6) Importer(815301076,1909f56bfc062723c751e8b465ee728b)  -> (artifact id: 'f940cbc96e0c1c38c5ed6290fd769da8') in 0.008790 seconds
  Import took 0.012159 seconds .

========================================================================
Received Import Request.
  Time since last request: 0.000673 seconds.
  path: Assets/Resources/ScriptableObjects/GroundTypes/2_Water.asset
  artifactKey: Guid(d8056d4d80470a24fa1f6fdf4c102d7c) Importer(815301076,1909f56bfc062723c751e8b465ee728b)
Start importing Assets/Resources/ScriptableObjects/GroundTypes/2_Water.asset using Guid(d8056d4d80470a24fa1f6fdf4c102d7c) Importer(815301076,1909f56bfc062723c751e8b465ee728b)  -> (artifact id: 'be50fda0942c94551c3c55e6f7225194') in 0.008604 seconds
  Import took 0.017363 seconds .

========================================================================
Received Import Request.
  Time since last request: 0.000212 seconds.
  path: Assets/Resources/ScriptableObjects/GroundTypes/1_Shallow_Water.asset
  artifactKey: Guid(09904e062fd08c7418dee1942a378726) Importer(815301076,1909f56bfc062723c751e8b465ee728b)
Start importing Assets/Resources/ScriptableObjects/GroundTypes/1_Shallow_Water.asset using Guid(09904e062fd08c7418dee1942a378726) Importer(815301076,1909f56bfc062723c751e8b465ee728b)  -> (artifact id: 'f1f5327b4cbf1ecfd38357644ba6645d') in 0.007803 seconds
  Import took 0.011256 seconds .

========================================================================
Received Import Request.
  Time since last request: 25.508308 seconds.
  path: Assets/Resources/ScriptableObjects/GroundTypes/7_Stone.asset
  artifactKey: Guid(e40a99f4d3f0fdc479bf7de55ebd7fa6) Importer(815301076,1909f56bfc062723c751e8b465ee728b)
Start importing Assets/Resources/ScriptableObjects/GroundTypes/7_Stone.asset using Guid(e40a99f4d3f0fdc479bf7de55ebd7fa6) Importer(815301076,1909f56bfc062723c751e8b465ee728b)  -> (artifact id: 'f6c541e771370d06492e7f4894cd46cc') in 0.003892 seconds
  Import took 0.028888 seconds .

========================================================================
Received Import Request.
  Time since last request: 0.000628 seconds.
  path: Assets/Resources/ScriptableObjects/GroundTypes/7_Stone.asset
  artifactKey: Guid(e40a99f4d3f0fdc479bf7de55ebd7fa6) Importer(815301076,1909f56bfc062723c751e8b465ee728b)
Start importing Assets/Resources/ScriptableObjects/GroundTypes/7_Stone.asset using Guid(e40a99f4d3f0fdc479bf7de55ebd7fa6) Importer(815301076,1909f56bfc062723c751e8b465ee728b)  -> (artifact id: 'f6c541e771370d06492e7f4894cd46cc') in 0.004180 seconds
  Import took 0.007743 seconds .

========================================================================
Received Import Request.
  Time since last request: 20.851278 seconds.
  path: Assets/Code/Map/Pathfinding
  artifactKey: Guid(dac285b206ba1214f82b599c757ae5d6) Importer(815301076,1909f56bfc062723c751e8b465ee728b)
Start importing Assets/Code/Map/Pathfinding using Guid(dac285b206ba1214f82b599c757ae5d6) Importer(815301076,1909f56bfc062723c751e8b465ee728b)  -> (artifact id: '015a1741ae3dedbb4c2dff43cb35d910') in 0.009026 seconds
  Import took 0.012033 seconds .

========================================================================
Received Prepare
Registering precompiled user dll's ...
Registered in 0.000829 seconds.
Begin MonoManager ReloadAssembly
Native extension for WindowsStandalone target not found
Refreshing native plugins compatible for Editor in 0.33 ms, found 1 plugins.
Preloading 0 native plugins for Editor in 0.00 ms.
Invoked RoslynAnalysisRunner static constructor.
RoslynAnalysisRunner will not be running.
RoslynAnalysisRunner has terminated.
Mono: successfully reloaded assembly
- Completed reload, in  0.739 seconds
Platform modules already initialized, skipping
Refreshing native plugins compatible for Editor in 0.37 ms, found 1 plugins.
Preloading 0 native plugins for Editor in 0.00 ms.
Unloading 1812 Unused Serialized files (Serialized files now loaded: 0)
System memory in use before: 84.7 MB.
System memory in use after: 84.8 MB.

Unloading 8 unused Assets to reduce memory usage. Loaded Objects now: 2301.
Total: 2.059000 ms (FindLiveObjects: 0.277400 ms CreateObjectMapping: 0.114300 ms MarkObjects: 1.650100 ms  DeleteObjects: 0.016500 ms)

========================================================================
Received Prepare
Registering precompiled user dll's ...
Registered in 0.000868 seconds.
Begin MonoManager ReloadAssembly
Native extension for WindowsStandalone target not found
Refreshing native plugins compatible for Editor in 0.34 ms, found 1 plugins.
Preloading 0 native plugins for Editor in 0.00 ms.
Invoked RoslynAnalysisRunner static constructor.
RoslynAnalysisRunner will not be running.
RoslynAnalysisRunner has terminated.
Mono: successfully reloaded assembly
- Completed reload, in  0.749 seconds
Platform modules already initialized, skipping
Refreshing native plugins compatible for Editor in 0.35 ms, found 1 plugins.
Preloading 0 native plugins for Editor in 0.00 ms.
Unloading 1812 Unused Serialized files (Serialized files now loaded: 0)
System memory in use before: 84.7 MB.
System memory in use after: 84.8 MB.

Unloading 8 unused Assets to reduce memory usage. Loaded Objects now: 2304.
Total: 2.174700 ms (FindLiveObjects: 0.208800 ms CreateObjectMapping: 0.071200 ms MarkObjects: 1.879200 ms  DeleteObjects: 0.014700 ms)

